f:\公司文档\公司代码\plugin\dllinject\hook\debug\hook.pch
f:\公司文档\公司代码\plugin\dllinject\hook\debug\vc141.pdb
f:\公司文档\公司代码\plugin\dllinject\hook\debug\vc141.idb
f:\公司文档\公司代码\plugin\dllinject\hook\debug\stdafx.obj
f:\公司文档\公司代码\plugin\dllinject\hook\debug\hook.obj
f:\公司文档\公司代码\plugin\dllinject\hook\debug\dllmain.obj
f:\公司文档\公司代码\plugin\dllinject\hook\debug\hook.ilk
f:\公司文档\公司代码\plugin\dllinject\hook\debug\hook.dll
f:\公司文档\公司代码\plugin\dllinject\hook\debug\hook.pdb
f:\公司文档\公司代码\plugin\dllinject\setwindowhook\hook\debug\dllmain.obj
f:\公司文档\公司代码\plugin\dllinject\setwindowhook\hook\debug\hook.obj
f:\公司文档\公司代码\plugin\dllinject\setwindowhook\hook\debug\stdafx.obj
f:\公司文档\公司代码\plugin\dllinject\setwindowhook\hook\debug\hook.ilk
f:\公司文档\公司代码\plugin\dllinject\setwindowhook\hook\debug\hook.pch
f:\公司文档\公司代码\plugin\dllinject\setwindowhook\hook\debug\vc141.idb
f:\公司文档\公司代码\plugin\dllinject\setwindowhook\hook\debug\hook.pdb
f:\公司文档\公司代码\plugin\dllinject\setwindowhook\hook\debug\vc141.pdb
f:\公司文档\公司代码\plugin\dllinject\setwindowhook\hook\debug\hook.dll
f:\公司文档\公司代码\plugin\dllinject\setwindowhook\hook\debug\hook.tlog\cl.command.1.tlog
f:\公司文档\公司代码\plugin\dllinject\setwindowhook\hook\debug\hook.tlog\cl.read.1.tlog
f:\公司文档\公司代码\plugin\dllinject\setwindowhook\hook\debug\hook.tlog\cl.write.1.tlog
f:\公司文档\公司代码\plugin\dllinject\setwindowhook\hook\debug\hook.tlog\link.command.1.tlog
f:\公司文档\公司代码\plugin\dllinject\setwindowhook\hook\debug\hook.tlog\link.read.1.tlog
f:\公司文档\公司代码\plugin\dllinject\setwindowhook\hook\debug\hook.tlog\link.write.1.tlog
