f:\公司文档\公司代码\plugin\internetbarplugin\xbhelpinterface\xb_helper\release\vc140.pdb
f:\公司文档\公司代码\plugin\internetbarplugin\xbhelpinterface\xb_helper\release\xb_helper.obj
f:\公司文档\公司代码\plugin\internetbarplugin\xbhelpinterface\xb_helper\release\hookfunctiondefine.obj
f:\公司文档\公司代码\plugin\internetbarplugin\xbhelpinterface\xb_helper\release\dllmain.obj
f:\公司文档\公司代码\plugin\internetbarplugin\xbhelpinterface\xb_helper\release\cmyhook.obj
f:\公司文档\公司代码\plugin\internetbarplugin\xbhelpinterface\xb_helper\release\xb_helper.pch
f:\公司文档\公司代码\plugin\internetbarplugin\xbhelpinterface\xb_helper\release\stdafx.obj
f:\公司文档\公司代码\plugin\internetbarplugin\xbhelpinterface\xb_helper\release\cfilterbydll.obj
f:\公司文档\公司代码\plugin\internetbarplugin\xbhelpinterface\xb_helper\release\xb_helper.dll
f:\公司文档\公司代码\plugin\internetbarplugin\xbhelpinterface\xb_helper\release\xb_helper.ipdb
f:\公司文档\公司代码\plugin\internetbarplugin\xbhelpinterface\xb_helper\release\xb_helper.iobj
f:\公司文档\公司代码\plugin\internetbarplugin\xbhelpinterface\xb_helper\release\xb_helper.pdb
f:\公司文档\公司代码\plugin\internetbarplugin\xbhelpinterface\xb_helper\release\xb_zhelper.ipdb
f:\公司文档\公司代码\plugin\internetbarplugin\xbhelpinterface\xb_helper\release\xb_zhelper.iobj
f:\公司文档\公司代码\plugin\internetbarplugin\xbhelpinterface\xb_helper\release\xb_zhelper.pch
f:\公司文档\公司代码\plugin\internetbarplugin\xbhelpinterface\xb_helper\release\xb_zhelper.pdb
f:\公司文档\公司代码\plugin\internetbarplugin\xbhelpinterface\xb_helper\release\xb_helper.tlog\cl.command.1.tlog
f:\公司文档\公司代码\plugin\internetbarplugin\xbhelpinterface\xb_helper\release\xb_helper.tlog\cl.read.1.tlog
f:\公司文档\公司代码\plugin\internetbarplugin\xbhelpinterface\xb_helper\release\xb_helper.tlog\cl.write.1.tlog
f:\公司文档\公司代码\plugin\internetbarplugin\xbhelpinterface\xb_helper\release\xb_helper.tlog\link.command.1.tlog
f:\公司文档\公司代码\plugin\internetbarplugin\xbhelpinterface\xb_helper\release\xb_helper.tlog\link.read.1.tlog
f:\公司文档\公司代码\plugin\internetbarplugin\xbhelpinterface\xb_helper\release\xb_helper.tlog\link.write.1.tlog
